0 info it worked if it ends with ok
1 verbose cli [
1 verbose cli   'C:\\Program Files\\nodejs\\node.exe',
1 verbose cli   'C:\\Program Files\\nodejs\\node_modules\\npm\\bin\\npm-cli.js',
1 verbose cli   'run',
1 verbose cli   'build'
1 verbose cli ]
2 info using npm@6.14.8
3 info using node@v14.15.0
4 verbose run-script [ 'prebuild', 'build', 'postbuild' ]
5 info lifecycle nwk-project-react-leaflet@0.1.0~prebuild: nwk-project-react-leaflet@0.1.0
6 info lifecycle nwk-project-react-leaflet@0.1.0~build: nwk-project-react-leaflet@0.1.0
7 verbose lifecycle nwk-project-react-leaflet@0.1.0~build: unsafe-perm in lifecycle true
8 verbose lifecycle nwk-project-react-leaflet@0.1.0~build: PATH: C:\Program Files\nodejs\node_modules\npm\node_modules\npm-lifecycle\node-gyp-bin;C:\Users\asg67\TELUS\Git\nwk-project-react-leaflet\node_modules\.bin;C:\Program Files (x86)\Common Files\Oracle\Java\javapath;C:\windows\system32;C:\windows;C:\windows\System32\Wbem;C:\windows\System32\WindowsPowerShell\v1.0\;C:\windows\System32\OpenSSH\;C:\Program Files (x86)\Google\Google Apps Sync\;C:\Program Files\Intel\WiFi\bin\;C:\Program Files\Common Files\Intel\WirelessCommon\;C:\Program Files\Git\cmd;C:\Program Files (x86)\Microsoft SQL Server\150\DTS\Binn\;C:\Program Files\Java\jdk1.8.0_231\bin;C:\Program Files\Microsoft VS Code\bin;C:\Program Files\nodejs\;C:\Ruby25-x64;C:\Ruby25-x64\bin;C:\Ruby25-x64;C:\Program Files (x86)\Common Files\Oracle\Java\javapath;C:\windows\system32;C:\windows;C:\windows\System32\Wbem;C:\windows\System32\WindowsPowerShell\v1.0\;C:\windows\System32\OpenSSH\;C:\Program Files (x86)\Google\Google Apps Sync\;C:\Program Files\Intel\WiFi\bin\;C:\Program Files\Common Files\Intel\WirelessCommon\;C:\Program Files\Git\cmd;C:\Program Files (x86)\Microsoft SQL Server\150\DTS\Binn\;C:\Program Files\Java\jdk1.8.0_231\bin;C:\Program Files\Microsoft VS Code\bin;C:\Program Files\nodejs\;C:\Program Files (x86)\Common Files\Oracle\Java\javapath;C:\windows\system32;C:\windows;C:\windows\System32\Wbem;C:\windows\System32\WindowsPowerShell\v1.0\;C:\windows\System32\OpenSSH\;C:\Program Files (x86)\Google\Google Apps Sync\;C:\Program Files\Intel\WiFi\bin\;C:\Program Files\Common Files\Intel\WirelessCommon\;C:\Program Files\Git\cmd;C:\Program Files (x86)\Microsoft SQL Server\150\DTS\Binn\;C:\Program Files\Java\jdk1.8.0_231\bin;C:\Program Files\Microsoft VS Code\bin;C:\Program Files\nodejs\;C:\Users\asg67\AppData\Local\Microsoft\WindowsApps;C:\Users\asg67\AppData\Local\GitHubDesktop\bin;C:\apache-maven-3.6.2-bin\apache-maven-3.6.2\bin;C:\Users\asg67\AppData\Roaming\npm;C:\Users\asg67\AppData\Roaming\npm\;C:\Users\asg67\AppData\Roaming\npm\
9 verbose lifecycle nwk-project-react-leaflet@0.1.0~build: CWD: C:\Users\asg67\TELUS\Git\nwk-project-react-leaflet
10 silly lifecycle nwk-project-react-leaflet@0.1.0~build: Args: [ '/d /s /c', 'react-scripts build' ]
11 silly lifecycle nwk-project-react-leaflet@0.1.0~build: Returned: code: 1  signal: null
12 info lifecycle nwk-project-react-leaflet@0.1.0~build: Failed to exec build script
13 verbose stack Error: nwk-project-react-leaflet@0.1.0 build: `react-scripts build`
13 verbose stack Exit status 1
13 verbose stack     at EventEmitter.<anonymous> (C:\Program Files\nodejs\node_modules\npm\node_modules\npm-lifecycle\index.js:332:16)
13 verbose stack     at EventEmitter.emit (events.js:315:20)
13 verbose stack     at ChildProcess.<anonymous> (C:\Program Files\nodejs\node_modules\npm\node_modules\npm-lifecycle\lib\spawn.js:55:14)
13 verbose stack     at ChildProcess.emit (events.js:315:20)
13 verbose stack     at maybeClose (internal/child_process.js:1048:16)
13 verbose stack     at Process.ChildProcess._handle.onexit (internal/child_process.js:288:5)
14 verbose pkgid nwk-project-react-leaflet@0.1.0
15 verbose cwd C:\Users\asg67\TELUS\Git\nwk-project-react-leaflet
16 verbose Windows_NT 10.0.18362
17 verbose argv "C:\\Program Files\\nodejs\\node.exe" "C:\\Program Files\\nodejs\\node_modules\\npm\\bin\\npm-cli.js" "run" "build"
18 verbose node v14.15.0
19 verbose npm  v6.14.8
20 error code ELIFECYCLE
21 error errno 1
22 error nwk-project-react-leaflet@0.1.0 build: `react-scripts build`
22 error Exit status 1
23 error Failed at the nwk-project-react-leaflet@0.1.0 build script.
23 error This is probably not a problem with npm. There is likely additional logging output above.
24 verbose exit [ 1, true ]
